CCS PCM C Compiler, Version 5.008, 5967               16-may.-18 22:15

               Filename:   C:\Users\LuisMiguel\Documents\GitHub\Parcial-2-micros\Parcial 2 Micros.lst

               ROM used:   1367 words (17%)
                           Largest free fragment is 2048
               RAM used:   17 (5%) at main() level
                           39 (11%) worst case
               Stack used: 5 locations
               Stack size: 8

*
0000:  MOVLW  04
0001:  MOVWF  0A
0002:  GOTO   493
0003:  NOP
.................... #include <16f887.h> 
.................... //////// Standard Header file for the PIC16F887 device //////////////// 
.................... #device PIC16F887 
0004:  BCF    0A.0
0005:  BCF    0A.1
0006:  BCF    0A.2
0007:  ADDWF  02,F
0008:  RETLW  28
0009:  RETLW  0C
000A:  RETLW  01
000B:  RETLW  06
000C:  DATA D4,32
000D:  DATA 6D,38
000E:  DATA 65,39
000F:  DATA 61,3A
0010:  DATA 75,39
0011:  DATA 61,00
*
00EA:  MOVF   0B,W
00EB:  MOVWF  28
00EC:  BCF    0B.7
00ED:  BSF    03.5
00EE:  BSF    03.6
00EF:  BSF    0C.7
00F0:  BSF    0C.0
00F1:  NOP
00F2:  NOP
00F3:  BCF    03.5
00F4:  MOVF   0C,W
00F5:  ANDLW  7F
00F6:  BTFSC  03.2
00F7:  GOTO   131
00F8:  BCF    03.6
00F9:  MOVWF  29
00FA:  BSF    03.6
00FB:  MOVF   0D,W
00FC:  BCF    03.6
00FD:  MOVWF  2A
00FE:  BSF    03.6
00FF:  MOVF   0F,W
0100:  BCF    03.6
0101:  MOVWF  2B
0102:  MOVF   29,W
0103:  MOVWF  35
0104:  CALL   0BE
0105:  MOVF   2A,W
0106:  BSF    03.6
0107:  MOVWF  0D
0108:  BCF    03.6
0109:  MOVF   2B,W
010A:  BSF    03.6
010B:  MOVWF  0F
010C:  BSF    03.5
010D:  BSF    0C.7
010E:  BSF    0C.0
010F:  NOP
0110:  NOP
0111:  BCF    03.5
0112:  RLF    0C,W
0113:  RLF    0E,W
0114:  ANDLW  7F
0115:  BTFSC  03.2
0116:  GOTO   131
0117:  BCF    03.6
0118:  MOVWF  29
0119:  BSF    03.6
011A:  MOVF   0D,W
011B:  BCF    03.6
011C:  MOVWF  2A
011D:  BSF    03.6
011E:  MOVF   0F,W
011F:  BCF    03.6
0120:  MOVWF  2B
0121:  MOVF   29,W
0122:  MOVWF  35
0123:  CALL   0BE
0124:  MOVF   2A,W
0125:  BSF    03.6
0126:  MOVWF  0D
0127:  BCF    03.6
0128:  MOVF   2B,W
0129:  BSF    03.6
012A:  MOVWF  0F
012B:  INCF   0D,F
012C:  BTFSC  03.2
012D:  INCF   0F,F
012E:  BCF    03.6
012F:  GOTO   0ED
0130:  BSF    03.6
0131:  BCF    03.6
0132:  BTFSC  28.7
0133:  BSF    0B.7
0134:  BCF    0A.3
0135:  BCF    0A.4
0136:  GOTO   4E2 (RETURN)
0137:  MOVLW  8E
0138:  MOVWF  77
0139:  MOVF   2B,W
013A:  MOVWF  78
013B:  MOVF   2A,W
013C:  MOVWF  79
013D:  CLRF   7A
013E:  MOVF   78,F
013F:  BTFSS  03.2
0140:  GOTO   14B
0141:  MOVF   79,W
0142:  MOVWF  78
0143:  CLRF   79
0144:  MOVLW  08
0145:  SUBWF  77,F
0146:  MOVF   78,F
0147:  BTFSS  03.2
0148:  GOTO   14B
0149:  CLRF   77
014A:  GOTO   153
014B:  BCF    03.0
014C:  BTFSC  78.7
014D:  GOTO   152
014E:  RLF    79,F
014F:  RLF    78,F
0150:  DECF   77,F
0151:  GOTO   14B
0152:  BCF    78.7
0153:  BCF    0A.3
0154:  BCF    0A.4
0155:  GOTO   4F7 (RETURN)
0156:  MOVF   35,W
0157:  BTFSC  03.2
0158:  GOTO   1C6
0159:  MOVWF  3D
015A:  MOVF   39,W
015B:  BTFSC  03.2
015C:  GOTO   1C6
015D:  ADDWF  3D,F
015E:  BTFSC  03.0
015F:  GOTO   167
0160:  MOVLW  7F
0161:  SUBWF  3D,F
0162:  BTFSS  03.0
0163:  GOTO   1C6
0164:  BTFSC  03.2
0165:  GOTO   1C6
0166:  GOTO   16B
0167:  MOVLW  81
0168:  ADDWF  3D,F
0169:  BTFSC  03.0
016A:  GOTO   1C6
016B:  MOVF   3D,W
016C:  MOVWF  77
016D:  CLRF   78
016E:  CLRF   79
016F:  CLRF   7A
0170:  MOVF   36,W
0171:  MOVWF  41
0172:  BSF    41.7
0173:  MOVF   37,W
0174:  MOVWF  40
0175:  MOVF   38,W
0176:  MOVWF  3F
0177:  MOVLW  18
0178:  MOVWF  3D
0179:  CLRF   3E
017A:  BTFSS  3F.0
017B:  GOTO   194
017C:  MOVF   3C,W
017D:  ADDWF  7A,F
017E:  BTFSS  03.0
017F:  GOTO   186
0180:  INCF   79,F
0181:  BTFSS  03.2
0182:  GOTO   186
0183:  INCF   78,F
0184:  BTFSC  03.2
0185:  BSF    3E.7
0186:  MOVF   3B,W
0187:  ADDWF  79,F
0188:  BTFSS  03.0
0189:  GOTO   18D
018A:  INCF   78,F
018B:  BTFSC  03.2
018C:  BSF    3E.7
018D:  MOVF   3A,W
018E:  MOVWF  37
018F:  BSF    37.7
0190:  MOVF   37,W
0191:  ADDWF  78,F
0192:  BTFSC  03.0
0193:  BSF    3E.7
0194:  RLF    3E,F
0195:  RRF    78,F
0196:  RRF    79,F
0197:  RRF    7A,F
0198:  RRF    41,F
0199:  RRF    40,F
019A:  RRF    3F,F
019B:  BCF    03.0
019C:  DECFSZ 3D,F
019D:  GOTO   179
019E:  MOVLW  01
019F:  ADDWF  77,F
01A0:  BTFSC  03.0
01A1:  GOTO   1C6
01A2:  BTFSC  78.7
01A3:  GOTO   1AB
01A4:  RLF    41,F
01A5:  RLF    7A,F
01A6:  RLF    79,F
01A7:  RLF    78,F
01A8:  DECF   77,F
01A9:  BTFSC  03.2
01AA:  GOTO   1C6
01AB:  BTFSS  41.7
01AC:  GOTO   1BC
01AD:  INCF   7A,F
01AE:  BTFSS  03.2
01AF:  GOTO   1BC
01B0:  INCF   79,F
01B1:  BTFSS  03.2
01B2:  GOTO   1BC
01B3:  INCF   78,F
01B4:  BTFSS  03.2
01B5:  GOTO   1BC
01B6:  RRF    78,F
01B7:  RRF    79,F
01B8:  RRF    7A,F
01B9:  INCF   77,F
01BA:  BTFSC  03.2
01BB:  GOTO   1C6
01BC:  MOVF   36,W
01BD:  MOVWF  3E
01BE:  MOVF   3A,W
01BF:  XORWF  3E,F
01C0:  BTFSS  3E.7
01C1:  GOTO   1C4
01C2:  BSF    78.7
01C3:  GOTO   1CA
01C4:  BCF    78.7
01C5:  GOTO   1CA
01C6:  CLRF   77
01C7:  CLRF   78
01C8:  CLRF   79
01C9:  CLRF   7A
01CA:  RETURN
01CB:  MOVF   2C,W
01CC:  BTFSC  03.2
01CD:  GOTO   290
01CE:  MOVWF  38
01CF:  MOVF   30,W
01D0:  BTFSC  03.2
01D1:  GOTO   290
01D2:  SUBWF  38,F
01D3:  BTFSS  03.0
01D4:  GOTO   1DA
01D5:  MOVLW  7F
01D6:  ADDWF  38,F
01D7:  BTFSC  03.0
01D8:  GOTO   290
01D9:  GOTO   1E0
01DA:  MOVLW  81
01DB:  SUBWF  38,F
01DC:  BTFSS  03.0
01DD:  GOTO   290
01DE:  BTFSC  03.2
01DF:  GOTO   290
01E0:  MOVF   38,W
01E1:  MOVWF  77
01E2:  CLRF   78
01E3:  CLRF   79
01E4:  CLRF   7A
01E5:  CLRF   37
01E6:  MOVF   2D,W
01E7:  MOVWF  36
01E8:  BSF    36.7
01E9:  MOVF   2E,W
01EA:  MOVWF  35
01EB:  MOVF   2F,W
01EC:  MOVWF  34
01ED:  MOVLW  19
01EE:  MOVWF  38
01EF:  MOVF   33,W
01F0:  SUBWF  34,F
01F1:  BTFSC  03.0
01F2:  GOTO   203
01F3:  MOVLW  01
01F4:  SUBWF  35,F
01F5:  BTFSC  03.0
01F6:  GOTO   203
01F7:  SUBWF  36,F
01F8:  BTFSC  03.0
01F9:  GOTO   203
01FA:  SUBWF  37,F
01FB:  BTFSC  03.0
01FC:  GOTO   203
01FD:  INCF   37,F
01FE:  INCF   36,F
01FF:  INCF   35,F
0200:  MOVF   33,W
0201:  ADDWF  34,F
0202:  GOTO   235
0203:  MOVF   32,W
0204:  SUBWF  35,F
0205:  BTFSC  03.0
0206:  GOTO   21E
0207:  MOVLW  01
0208:  SUBWF  36,F
0209:  BTFSC  03.0
020A:  GOTO   21E
020B:  SUBWF  37,F
020C:  BTFSC  03.0
020D:  GOTO   21E
020E:  INCF   37,F
020F:  INCF   36,F
0210:  MOVF   32,W
0211:  ADDWF  35,F
0212:  MOVF   33,W
0213:  ADDWF  34,F
0214:  BTFSS  03.0
0215:  GOTO   235
0216:  INCF   35,F
0217:  BTFSS  03.2
0218:  GOTO   235
0219:  INCF   36,F
021A:  BTFSS  03.2
021B:  GOTO   235
021C:  INCF   37,F
021D:  GOTO   235
021E:  MOVF   31,W
021F:  IORLW  80
0220:  SUBWF  36,F
0221:  BTFSC  03.0
0222:  GOTO   234
0223:  MOVLW  01
0224:  SUBWF  37,F
0225:  BTFSC  03.0
0226:  GOTO   234
0227:  INCF   37,F
0228:  MOVF   31,W
0229:  IORLW  80
022A:  ADDWF  36,F
022B:  MOVF   32,W
022C:  ADDWF  35,F
022D:  BTFSS  03.0
022E:  GOTO   212
022F:  INCF   36,F
0230:  BTFSS  03.2
0231:  GOTO   212
0232:  INCF   37,F
0233:  GOTO   212
0234:  BSF    7A.0
0235:  DECFSZ 38,F
0236:  GOTO   238
0237:  GOTO   243
0238:  BCF    03.0
0239:  RLF    34,F
023A:  RLF    35,F
023B:  RLF    36,F
023C:  RLF    37,F
023D:  BCF    03.0
023E:  RLF    7A,F
023F:  RLF    79,F
0240:  RLF    78,F
0241:  RLF    39,F
0242:  GOTO   1EF
0243:  BTFSS  39.0
0244:  GOTO   24B
0245:  BCF    03.0
0246:  RRF    78,F
0247:  RRF    79,F
0248:  RRF    7A,F
0249:  RRF    39,F
024A:  GOTO   24E
024B:  DECF   77,F
024C:  BTFSC  03.2
024D:  GOTO   290
024E:  BTFSC  39.7
024F:  GOTO   277
0250:  BCF    03.0
0251:  RLF    34,F
0252:  RLF    35,F
0253:  RLF    36,F
0254:  RLF    37,F
0255:  MOVF   33,W
0256:  SUBWF  34,F
0257:  BTFSC  03.0
0258:  GOTO   263
0259:  MOVLW  01
025A:  SUBWF  35,F
025B:  BTFSC  03.0
025C:  GOTO   263
025D:  SUBWF  36,F
025E:  BTFSC  03.0
025F:  GOTO   263
0260:  SUBWF  37,F
0261:  BTFSS  03.0
0262:  GOTO   286
0263:  MOVF   32,W
0264:  SUBWF  35,F
0265:  BTFSC  03.0
0266:  GOTO   26E
0267:  MOVLW  01
0268:  SUBWF  36,F
0269:  BTFSC  03.0
026A:  GOTO   26E
026B:  SUBWF  37,F
026C:  BTFSS  03.0
026D:  GOTO   286
026E:  MOVF   31,W
026F:  IORLW  80
0270:  SUBWF  36,F
0271:  BTFSC  03.0
0272:  GOTO   277
0273:  MOVLW  01
0274:  SUBWF  37,F
0275:  BTFSS  03.0
0276:  GOTO   286
0277:  INCF   7A,F
0278:  BTFSS  03.2
0279:  GOTO   286
027A:  INCF   79,F
027B:  BTFSS  03.2
027C:  GOTO   286
027D:  INCF   78,F
027E:  BTFSS  03.2
027F:  GOTO   286
0280:  INCF   77,F
0281:  BTFSC  03.2
0282:  GOTO   290
0283:  RRF    78,F
0284:  RRF    79,F
0285:  RRF    7A,F
0286:  MOVF   2D,W
0287:  MOVWF  38
0288:  MOVF   31,W
0289:  XORWF  38,F
028A:  BTFSS  38.7
028B:  GOTO   28E
028C:  BSF    78.7
028D:  GOTO   294
028E:  BCF    78.7
028F:  GOTO   294
0290:  CLRF   77
0291:  CLRF   78
0292:  CLRF   79
0293:  CLRF   7A
0294:  BCF    0A.3
0295:  BCF    0A.4
0296:  GOTO   521 (RETURN)
0297:  MOVF   35,W
0298:  SUBLW  B6
0299:  MOVWF  35
029A:  CLRF   7A
029B:  MOVF   36,W
029C:  MOVWF  39
029D:  BSF    36.7
029E:  BCF    03.0
029F:  RRF    36,F
02A0:  RRF    37,F
02A1:  RRF    38,F
02A2:  RRF    7A,F
02A3:  RRF    79,F
02A4:  RRF    78,F
02A5:  RRF    77,F
02A6:  DECFSZ 35,F
02A7:  GOTO   29E
02A8:  BTFSS  39.7
02A9:  GOTO   2B5
02AA:  COMF   77,F
02AB:  COMF   78,F
02AC:  COMF   79,F
02AD:  COMF   7A,F
02AE:  INCF   77,F
02AF:  BTFSC  03.2
02B0:  INCF   78,F
02B1:  BTFSC  03.2
02B2:  INCF   79,F
02B3:  BTFSC  03.2
02B4:  INCF   7A,F
02B5:  RETURN
02B6:  BTFSC  03.1
02B7:  GOTO   2BB
02B8:  MOVLW  3D
02B9:  MOVWF  04
02BA:  BCF    03.7
02BB:  CLRF   77
02BC:  CLRF   78
02BD:  CLRF   79
02BE:  CLRF   7A
02BF:  CLRF   3D
02C0:  CLRF   3E
02C1:  CLRF   3F
02C2:  CLRF   40
02C3:  MOVF   3C,W
02C4:  IORWF  3B,W
02C5:  IORWF  3A,W
02C6:  IORWF  39,W
02C7:  BTFSC  03.2
02C8:  GOTO   2F9
02C9:  MOVLW  20
02CA:  MOVWF  41
02CB:  BCF    03.0
02CC:  RLF    35,F
02CD:  RLF    36,F
02CE:  RLF    37,F
02CF:  RLF    38,F
02D0:  RLF    3D,F
02D1:  RLF    3E,F
02D2:  RLF    3F,F
02D3:  RLF    40,F
02D4:  MOVF   3C,W
02D5:  SUBWF  40,W
02D6:  BTFSS  03.2
02D7:  GOTO   2E2
02D8:  MOVF   3B,W
02D9:  SUBWF  3F,W
02DA:  BTFSS  03.2
02DB:  GOTO   2E2
02DC:  MOVF   3A,W
02DD:  SUBWF  3E,W
02DE:  BTFSS  03.2
02DF:  GOTO   2E2
02E0:  MOVF   39,W
02E1:  SUBWF  3D,W
02E2:  BTFSS  03.0
02E3:  GOTO   2F3
02E4:  MOVF   39,W
02E5:  SUBWF  3D,F
02E6:  MOVF   3A,W
02E7:  BTFSS  03.0
02E8:  INCFSZ 3A,W
02E9:  SUBWF  3E,F
02EA:  MOVF   3B,W
02EB:  BTFSS  03.0
02EC:  INCFSZ 3B,W
02ED:  SUBWF  3F,F
02EE:  MOVF   3C,W
02EF:  BTFSS  03.0
02F0:  INCFSZ 3C,W
02F1:  SUBWF  40,F
02F2:  BSF    03.0
02F3:  RLF    77,F
02F4:  RLF    78,F
02F5:  RLF    79,F
02F6:  RLF    7A,F
02F7:  DECFSZ 41,F
02F8:  GOTO   2CB
02F9:  MOVF   3D,W
02FA:  MOVWF  00
02FB:  INCF   04,F
02FC:  MOVF   3E,W
02FD:  MOVWF  00
02FE:  INCF   04,F
02FF:  MOVF   3F,W
0300:  MOVWF  00
0301:  INCF   04,F
0302:  MOVF   40,W
0303:  MOVWF  00
0304:  RETURN
0305:  MOVF   04,W
0306:  MOVWF  2D
0307:  MOVF   2C,W
0308:  MOVWF  2F
0309:  BTFSC  03.2
030A:  GOTO   324
030B:  MOVF   2B,W
030C:  MOVWF  38
030D:  MOVF   2A,W
030E:  MOVWF  37
030F:  MOVF   29,W
0310:  MOVWF  36
0311:  MOVF   28,W
0312:  MOVWF  35
0313:  CLRF   3C
0314:  CLRF   3B
0315:  MOVLW  20
0316:  MOVWF  3A
0317:  MOVLW  82
0318:  MOVWF  39
0319:  CALL   156
031A:  MOVF   7A,W
031B:  MOVWF  2B
031C:  MOVF   79,W
031D:  MOVWF  2A
031E:  MOVF   78,W
031F:  MOVWF  29
0320:  MOVF   77,W
0321:  MOVWF  28
0322:  DECFSZ 2F,F
0323:  GOTO   30B
0324:  MOVF   2B,W
0325:  MOVWF  38
0326:  MOVF   2A,W
0327:  MOVWF  37
0328:  MOVF   29,W
0329:  MOVWF  36
032A:  MOVF   28,W
032B:  MOVWF  35
032C:  CALL   297
032D:  MOVF   7A,W
032E:  MOVWF  2B
032F:  MOVF   79,W
0330:  MOVWF  2A
0331:  MOVF   78,W
0332:  MOVWF  29
0333:  MOVF   77,W
0334:  MOVWF  28
0335:  BTFSS  2B.7
0336:  GOTO   344
0337:  DECF   2D,F
0338:  BSF    2D.5
0339:  COMF   28,F
033A:  COMF   29,F
033B:  COMF   2A,F
033C:  COMF   2B,F
033D:  INCF   28,F
033E:  BTFSC  03.2
033F:  INCF   29,F
0340:  BTFSC  03.2
0341:  INCF   2A,F
0342:  BTFSC  03.2
0343:  INCF   2B,F
0344:  MOVLW  3B
0345:  MOVWF  34
0346:  MOVLW  9A
0347:  MOVWF  33
0348:  MOVLW  CA
0349:  MOVWF  32
034A:  CLRF   31
034B:  MOVLW  0A
034C:  MOVWF  2F
034D:  MOVF   2C,W
034E:  BTFSC  03.2
034F:  INCF   2D,F
0350:  BSF    03.1
0351:  MOVLW  28
0352:  MOVWF  04
0353:  BCF    03.7
0354:  MOVF   2B,W
0355:  MOVWF  38
0356:  MOVF   2A,W
0357:  MOVWF  37
0358:  MOVF   29,W
0359:  MOVWF  36
035A:  MOVF   28,W
035B:  MOVWF  35
035C:  MOVF   34,W
035D:  MOVWF  3C
035E:  MOVF   33,W
035F:  MOVWF  3B
0360:  MOVF   32,W
0361:  MOVWF  3A
0362:  MOVF   31,W
0363:  MOVWF  39
0364:  CALL   2B6
0365:  MOVF   78,W
0366:  MOVF   77,F
0367:  BTFSS  03.2
0368:  GOTO   37C
0369:  INCF   2C,W
036A:  SUBWF  2F,W
036B:  BTFSC  03.2
036C:  GOTO   37C
036D:  MOVF   2D,W
036E:  BTFSC  03.2
036F:  GOTO   37E
0370:  ANDLW  0F
0371:  SUBWF  2F,W
0372:  BTFSC  03.2
0373:  GOTO   376
0374:  BTFSC  03.0
0375:  GOTO   3AE
0376:  BTFSC  2D.7
0377:  GOTO   3AE
0378:  BTFSC  2D.6
0379:  GOTO   37E
037A:  MOVLW  20
037B:  GOTO   3AA
037C:  MOVLW  20
037D:  ANDWF  2D,F
037E:  BTFSS  2D.5
037F:  GOTO   38C
0380:  BCF    2D.5
0381:  MOVF   2C,W
0382:  BTFSS  03.2
0383:  DECF   2D,F
0384:  MOVF   77,W
0385:  MOVWF  2D
0386:  MOVLW  2D
0387:  MOVWF  35
0388:  CALL   0BE
0389:  MOVF   2D,W
038A:  MOVWF  77
038B:  CLRF   2D
038C:  MOVF   2C,W
038D:  SUBWF  2F,W
038E:  BTFSS  03.2
038F:  GOTO   39A
0390:  MOVF   77,W
0391:  MOVWF  2D
0392:  MOVLW  2E
0393:  MOVWF  35
0394:  CALL   0BE
0395:  MOVF   2D,W
0396:  MOVWF  77
0397:  MOVLW  20
0398:  ANDWF  2D,F
0399:  MOVLW  00
039A:  MOVLW  30
039B:  BTFSS  2D.5
039C:  GOTO   3AA
039D:  BCF    2D.5
039E:  MOVF   2C,W
039F:  BTFSS  03.2
03A0:  DECF   2D,F
03A1:  MOVF   77,W
03A2:  MOVWF  2D
03A3:  MOVLW  2D
03A4:  MOVWF  35
03A5:  CALL   0BE
03A6:  MOVF   2D,W
03A7:  MOVWF  77
03A8:  CLRF   2D
03A9:  MOVLW  30
03AA:  ADDWF  77,F
03AB:  MOVF   77,W
03AC:  MOVWF  35
03AD:  CALL   0BE
03AE:  BCF    03.1
03AF:  MOVF   34,W
03B0:  MOVWF  38
03B1:  MOVF   33,W
03B2:  MOVWF  37
03B3:  MOVF   32,W
03B4:  MOVWF  36
03B5:  MOVF   31,W
03B6:  MOVWF  35
03B7:  CLRF   3C
03B8:  CLRF   3B
03B9:  CLRF   3A
03BA:  MOVLW  0A
03BB:  MOVWF  39
03BC:  CALL   2B6
03BD:  MOVF   7A,W
03BE:  MOVWF  34
03BF:  MOVF   79,W
03C0:  MOVWF  33
03C1:  MOVF   78,W
03C2:  MOVWF  32
03C3:  MOVF   77,W
03C4:  MOVWF  31
03C5:  DECFSZ 2F,F
03C6:  GOTO   350
03C7:  BCF    0A.3
03C8:  BCF    0A.4
03C9:  GOTO   540 (RETURN)
03CA:  MOVF   04,W
03CB:  MOVWF  2D
03CC:  MOVF   2C,W
03CD:  MOVWF  2F
03CE:  BTFSC  03.2
03CF:  GOTO   3E9
03D0:  MOVF   2B,W
03D1:  MOVWF  38
03D2:  MOVF   2A,W
03D3:  MOVWF  37
03D4:  MOVF   29,W
03D5:  MOVWF  36
03D6:  MOVF   28,W
03D7:  MOVWF  35
03D8:  CLRF   3C
03D9:  CLRF   3B
03DA:  MOVLW  20
03DB:  MOVWF  3A
03DC:  MOVLW  82
03DD:  MOVWF  39
03DE:  CALL   156
03DF:  MOVF   7A,W
03E0:  MOVWF  2B
03E1:  MOVF   79,W
03E2:  MOVWF  2A
03E3:  MOVF   78,W
03E4:  MOVWF  29
03E5:  MOVF   77,W
03E6:  MOVWF  28
03E7:  DECFSZ 2F,F
03E8:  GOTO   3D0
03E9:  MOVF   2B,W
03EA:  MOVWF  38
03EB:  MOVF   2A,W
03EC:  MOVWF  37
03ED:  MOVF   29,W
03EE:  MOVWF  36
03EF:  MOVF   28,W
03F0:  MOVWF  35
03F1:  CALL   297
03F2:  MOVF   7A,W
03F3:  MOVWF  2B
03F4:  MOVF   79,W
03F5:  MOVWF  2A
03F6:  MOVF   78,W
03F7:  MOVWF  29
03F8:  MOVF   77,W
03F9:  MOVWF  28
03FA:  BTFSS  2B.7
03FB:  GOTO   409
03FC:  DECF   2D,F
03FD:  BSF    2D.5
03FE:  COMF   28,F
03FF:  COMF   29,F
0400:  COMF   2A,F
0401:  COMF   2B,F
0402:  INCF   28,F
0403:  BTFSC  03.2
0404:  INCF   29,F
0405:  BTFSC  03.2
0406:  INCF   2A,F
0407:  BTFSC  03.2
0408:  INCF   2B,F
0409:  MOVLW  3B
040A:  MOVWF  34
040B:  MOVLW  9A
040C:  MOVWF  33
040D:  MOVLW  CA
040E:  MOVWF  32
040F:  CLRF   31
0410:  MOVLW  0A
0411:  MOVWF  2F
0412:  MOVF   2C,W
0413:  BTFSC  03.2
0414:  INCF   2D,F
0415:  BSF    03.1
0416:  MOVLW  28
0417:  MOVWF  04
0418:  BCF    03.7
0419:  MOVF   2B,W
041A:  MOVWF  38
041B:  MOVF   2A,W
041C:  MOVWF  37
041D:  MOVF   29,W
041E:  MOVWF  36
041F:  MOVF   28,W
0420:  MOVWF  35
0421:  MOVF   34,W
0422:  MOVWF  3C
0423:  MOVF   33,W
0424:  MOVWF  3B
0425:  MOVF   32,W
0426:  MOVWF  3A
0427:  MOVF   31,W
0428:  MOVWF  39
0429:  CALL   2B6
042A:  MOVF   78,W
042B:  MOVF   77,F
042C:  BTFSS  03.2
042D:  GOTO   441
042E:  INCF   2C,W
042F:  SUBWF  2F,W
0430:  BTFSC  03.2
0431:  GOTO   441
0432:  MOVF   2D,W
0433:  BTFSC  03.2
0434:  GOTO   443
0435:  ANDLW  0F
0436:  SUBWF  2F,W
0437:  BTFSC  03.2
0438:  GOTO   43B
0439:  BTFSC  03.0
043A:  GOTO   477
043B:  BTFSC  2D.7
043C:  GOTO   477
043D:  BTFSC  2D.6
043E:  GOTO   443
043F:  MOVLW  20
0440:  GOTO   472
0441:  MOVLW  20
0442:  ANDWF  2D,F
0443:  BTFSS  2D.5
0444:  GOTO   452
0445:  BCF    2D.5
0446:  MOVF   2C,W
0447:  BTFSS  03.2
0448:  DECF   2D,F
0449:  MOVF   77,W
044A:  MOVWF  2D
044B:  MOVLW  2D
044C:  BTFSS  0C.4
044D:  GOTO   44C
044E:  MOVWF  19
044F:  MOVF   2D,W
0450:  MOVWF  77
0451:  CLRF   2D
0452:  MOVF   2C,W
0453:  SUBWF  2F,W
0454:  BTFSS  03.2
0455:  GOTO   461
0456:  MOVF   77,W
0457:  MOVWF  2D
0458:  MOVLW  2E
0459:  BTFSS  0C.4
045A:  GOTO   459
045B:  MOVWF  19
045C:  MOVF   2D,W
045D:  MOVWF  77
045E:  MOVLW  20
045F:  ANDWF  2D,F
0460:  MOVLW  00
0461:  MOVLW  30
0462:  BTFSS  2D.5
0463:  GOTO   472
0464:  BCF    2D.5
0465:  MOVF   2C,W
0466:  BTFSS  03.2
0467:  DECF   2D,F
0468:  MOVF   77,W
0469:  MOVWF  2D
046A:  MOVLW  2D
046B:  BTFSS  0C.4
046C:  GOTO   46B
046D:  MOVWF  19
046E:  MOVF   2D,W
046F:  MOVWF  77
0470:  CLRF   2D
0471:  MOVLW  30
0472:  ADDWF  77,F
0473:  MOVF   77,W
0474:  BTFSS  0C.4
0475:  GOTO   474
0476:  MOVWF  19
0477:  BCF    03.1
0478:  MOVF   34,W
0479:  MOVWF  38
047A:  MOVF   33,W
047B:  MOVWF  37
047C:  MOVF   32,W
047D:  MOVWF  36
047E:  MOVF   31,W
047F:  MOVWF  35
0480:  CLRF   3C
0481:  CLRF   3B
0482:  CLRF   3A
0483:  MOVLW  0A
0484:  MOVWF  39
0485:  CALL   2B6
0486:  MOVF   7A,W
0487:  MOVWF  34
0488:  MOVF   79,W
0489:  MOVWF  33
048A:  MOVF   78,W
048B:  MOVWF  32
048C:  MOVF   77,W
048D:  MOVWF  31
048E:  DECFSZ 2F,F
048F:  GOTO   415
0490:  BCF    0A.3
0491:  BCF    0A.4
0492:  GOTO   54D (RETURN)
....................  
.................... #list 
....................  
.................... #device adc=10 //Seleccion de cantidad de bits para el ADC 
.................... #use delay (internal=8M) 
*
0012:  MOVLW  36
0013:  MOVWF  04
0014:  BCF    03.7
0015:  MOVF   00,W
0016:  BTFSC  03.2
0017:  GOTO   025
0018:  MOVLW  02
0019:  MOVWF  78
001A:  CLRF   77
001B:  DECFSZ 77,F
001C:  GOTO   01B
001D:  DECFSZ 78,F
001E:  GOTO   01A
001F:  MOVLW  97
0020:  MOVWF  77
0021:  DECFSZ 77,F
0022:  GOTO   021
0023:  DECFSZ 00,F
0024:  GOTO   018
0025:  RETURN
.................... #fuses xt,nowdt,noput,noprotect,nobrownout,nolvp 
.................... #use RS232(BAUD=2400, XMIT=PIN_C6,RCV=PIN_C7, BITS=8, PARITY=N) 
.................... #include <lcd.c> 
.................... /////////////////////////////////////////////////////////////////////////////// 
.................... ////                             LCD.C                                     //// 
.................... ////                 Driver for common LCD modules                         //// 
.................... ////                                                                       //// 
.................... ////  lcd_init()   Must be called before any other function.               //// 
.................... ////                                                                       //// 
.................... ////  lcd_putc(c)  Will display c on the next position of the LCD.         //// 
.................... ////                 \a  Set cursor position to upper left                 //// 
.................... ////                 \f  Clear display, set cursor to upper left           //// 
.................... ////                 \n  Go to start of second line                        //// 
.................... ////                 \b  Move back one position                            //// 
.................... ////              If LCD_EXTENDED_NEWLINE is defined, the \n character     //// 
.................... ////              will erase all remanining characters on the current      //// 
.................... ////              line, and move the cursor to the beginning of the next   //// 
.................... ////              line.                                                    //// 
.................... ////              If LCD_EXTENDED_NEWLINE is defined, the \r character     //// 
.................... ////              will move the cursor to the start of the current         //// 
.................... ////              line.                                                    //// 
.................... ////                                                                       //// 
.................... ////  lcd_gotoxy(x,y) Set write position on LCD (upper left is 1,1)        //// 
.................... ////                                                                       //// 
.................... ////  lcd_getc(x,y)   Returns character at position x,y on LCD             //// 
.................... ////                                                                       //// 
.................... ////  lcd_cursor_on(int1 on)   Turn the cursor on (on=TRUE) or off         //// 
.................... ////              (on=FALSE).                                              //// 
.................... ////                                                                       //// 
.................... ////  lcd_set_cgram_char(w, *p)   Write a custom character to the CGRAM.   //// 
.................... ////                                                                       //// 
.................... ////                                                                       //// 
.................... ////  CONFIGURATION                                                        //// 
.................... ////  The LCD can be configured in one of two ways: a.) port access or     //// 
.................... ////  b.) pin access.  Port access requires the entire 7 bit interface     //// 
.................... ////  connected to one GPIO port, and the data bits (D4:D7 of the LCD)     //// 
.................... ////  connected to sequential pins on the GPIO.  Pin access                //// 
.................... ////  has no requirements, all 7 bits of the control interface can         //// 
.................... ////  can be connected to any GPIO using several ports.                    //// 
.................... ////                                                                       //// 
.................... ////  To use port access, #define LCD_DATA_PORT to the SFR location of     //// 
.................... ////  of the GPIO port that holds the interface, -AND- edit LCD_PIN_MAP    //// 
.................... ////  of this file to configure the pin order.  If you are using a         //// 
.................... ////  baseline PIC (PCB), then LCD_OUTPUT_MAP and LCD_INPUT_MAP also must  //// 
.................... ////  be defined.                                                          //// 
.................... ////                                                                       //// 
.................... ////  Example of port access:                                              //// 
.................... ////     #define LCD_DATA_PORT getenv("SFR:PORTD")                         //// 
.................... ////                                                                       //// 
.................... ////  To use pin access, the following pins must be defined:               //// 
.................... ////     LCD_ENABLE_PIN                                                    //// 
.................... ////     LCD_RS_PIN                                                        //// 
.................... ////     LCD_RW_PIN                                                        //// 
.................... ////     LCD_DATA4                                                         //// 
.................... ////     LCD_DATA5                                                         //// 
.................... ////     LCD_DATA6                                                         //// 
.................... ////     LCD_DATA7                                                         //// 
.................... ////                                                                       //// 
.................... ////  Example of pin access:                                               //// 
.................... ////     #define LCD_ENABLE_PIN  PIN_E0                                    //// 
.................... ////     #define LCD_RS_PIN      PIN_E1                                    //// 
.................... ////     #define LCD_RW_PIN      PIN_E2                                    //// 
.................... ////     #define LCD_DATA4       PIN_D4                                    //// 
.................... ////     #define LCD_DATA5       PIN_D5                                    //// 
.................... ////     #define LCD_DATA6       PIN_D6                                    //// 
.................... ////     #define LCD_DATA7       PIN_D7                                    //// 
.................... ////                                                                       //// 
.................... /////////////////////////////////////////////////////////////////////////////// 
.................... ////        (C) Copyright 1996,2010 Custom Computer Services           //// 
.................... //// This source code may only be used by licensed users of the CCS C  //// 
.................... //// compiler.  This source code may only be distributed to other      //// 
.................... //// licensed users of the CCS C compiler.  No other use, reproduction //// 
.................... //// or distribution is permitted without written permission.          //// 
.................... //// Derivative programs created using this software in object code    //// 
.................... //// form are not restricted in any way.                               //// 
.................... /////////////////////////////////////////////////////////////////////////// 
....................  
.................... #ifndef __LCD_C__ 
.................... #define __LCD_C__ 
....................  
.................... // define the pinout. 
.................... // only required if port access is being used. 
.................... typedef struct   
.................... {                            // This structure is overlayed 
....................    int1 enable;           // on to an I/O port to gain 
....................    int1 rs;               // access to the LCD pins. 
....................    int1 rw;               // The bits are allocated from 
....................    int1 unused;           // low order up.  ENABLE will 
....................    unsigned int     data : 4;         // be LSB pin of that port. 
....................   #if defined(__PCD__)       // The port used will be LCD_DATA_PORT. 
....................    unsigned int    reserved: 8; 
....................   #endif 
.................... } LCD_PIN_MAP; 
....................  
.................... // this is to improve compatability with previous LCD drivers that accepted 
.................... // a define labeled 'use_portb_lcd' that configured the LCD onto port B. 
.................... #if ((defined(use_portb_lcd)) && (use_portb_lcd==TRUE)) 
....................  #define LCD_DATA_PORT getenv("SFR:PORTB") 
.................... #endif 
....................  
.................... #if defined(__PCB__) 
....................    // these definitions only need to be modified for baseline PICs. 
....................    // all other PICs use LCD_PIN_MAP or individual LCD_xxx pin definitions. 
.................... /*                                    EN, RS,   RW,   UNUSED,  DATA  */ 
....................  const LCD_PIN_MAP LCD_OUTPUT_MAP =  {0,  0,    0,    0,       0}; 
....................  const LCD_PIN_MAP LCD_INPUT_MAP =   {0,  0,    0,    0,       0xF}; 
.................... #endif 
....................  
.................... ////////////////////// END CONFIGURATION /////////////////////////////////// 
....................  
.................... #ifndef LCD_ENABLE_PIN 
....................    #define lcd_output_enable(x) lcdlat.enable=x 
....................    #define lcd_enable_tris()   lcdtris.enable=0 
.................... #else 
....................    #define lcd_output_enable(x) output_bit(LCD_ENABLE_PIN, x) 
....................    #define lcd_enable_tris()  output_drive(LCD_ENABLE_PIN) 
.................... #endif 
....................  
.................... #ifndef LCD_RS_PIN 
....................    #define lcd_output_rs(x) lcdlat.rs=x 
....................    #define lcd_rs_tris()   lcdtris.rs=0 
.................... #else 
....................    #define lcd_output_rs(x) output_bit(LCD_RS_PIN, x) 
....................    #define lcd_rs_tris()  output_drive(LCD_RS_PIN) 
.................... #endif 
....................  
.................... #ifndef LCD_RW_PIN 
....................    #define lcd_output_rw(x) lcdlat.rw=x 
....................    #define lcd_rw_tris()   lcdtris.rw=0 
.................... #else 
....................    #define lcd_output_rw(x) output_bit(LCD_RW_PIN, x) 
....................    #define lcd_rw_tris()  output_drive(LCD_RW_PIN) 
.................... #endif 
....................  
.................... // original version of this library incorrectly labeled LCD_DATA0 as LCD_DATA4, 
.................... // LCD_DATA1 as LCD_DATA5, and so on.  this block of code makes the driver 
.................... // compatible with any code written for the original library 
.................... #if (defined(LCD_DATA0) && defined(LCD_DATA1) && defined(LCD_DATA2) && defined(LCD_DATA3) && !defined(LCD_DATA4) && !defined(LCD_DATA5) && !defined(LCD_DATA6) && !defined(LCD_DATA7)) 
....................    #define  LCD_DATA4    LCD_DATA0 
....................    #define  LCD_DATA5    LCD_DATA1 
....................    #define  LCD_DATA6    LCD_DATA2 
....................    #define  LCD_DATA7    LCD_DATA3 
.................... #endif 
....................  
.................... #ifndef LCD_DATA4 
.................... #ifndef LCD_DATA_PORT 
....................    #if defined(__PCB__) 
....................       #define LCD_DATA_PORT      0x06     //portb 
....................       #define set_tris_lcd(x)   set_tris_b(x) 
....................    #else 
....................      #if defined(PIN_D0) 
....................       #define LCD_DATA_PORT      getenv("SFR:PORTD")     //portd 
....................      #else 
....................       #define LCD_DATA_PORT      getenv("SFR:PORTB")     //portb 
....................      #endif 
....................    #endif    
.................... #endif 
....................  
.................... #if defined(__PCB__) 
....................    LCD_PIN_MAP lcd, lcdlat; 
....................    #byte lcd = LCD_DATA_PORT 
....................    #byte lcdlat = LCD_DATA_PORT 
.................... #elif defined(__PCM__) 
....................    LCD_PIN_MAP lcd, lcdlat, lcdtris; 
....................    #byte lcd = LCD_DATA_PORT 
....................    #byte lcdlat = LCD_DATA_PORT 
....................    #byte lcdtris = LCD_DATA_PORT+0x80 
.................... #elif defined(__PCH__) 
....................    LCD_PIN_MAP lcd, lcdlat, lcdtris; 
....................    #byte lcd = LCD_DATA_PORT 
....................    #byte lcdlat = LCD_DATA_PORT+9 
....................    #byte lcdtris = LCD_DATA_PORT+0x12 
.................... #elif defined(__PCD__) 
....................    LCD_PIN_MAP lcd, lcdlat, lcdtris; 
....................    #word lcd = LCD_DATA_PORT 
....................    #word lcdlat = LCD_DATA_PORT+2 
....................    #word lcdtris = LCD_DATA_PORT-0x02 
.................... #endif 
.................... #endif   //LCD_DATA4 not defined 
....................  
.................... #ifndef LCD_TYPE 
....................    #define LCD_TYPE 2           // 0=5x7, 1=5x10, 2=2 lines 
.................... #endif 
....................  
.................... #ifndef LCD_LINE_TWO 
....................    #define LCD_LINE_TWO 0x40    // LCD RAM address for the second line 
.................... #endif 
....................  
.................... #ifndef LCD_LINE_LENGTH 
....................    #define LCD_LINE_LENGTH 20 
.................... #endif 
....................  
.................... unsigned int8 const LCD_INIT_STRING[4] = {0x20 | (LCD_TYPE << 2), 0xc, 1, 6}; 
....................                              // These bytes need to be sent to the LCD 
....................                              // to start it up. 
....................  
.................... unsigned int8 lcd_read_nibble(void); 
....................  
.................... unsigned int8 lcd_read_byte(void) 
.................... { 
....................    unsigned int8 low,high; 
....................  
....................  #if defined(__PCB__) 
....................    set_tris_lcd(LCD_INPUT_MAP); 
....................  #else 
....................   #if (defined(LCD_DATA4) && defined(LCD_DATA5) && defined(LCD_DATA6) && defined(LCD_DATA7)) 
....................    output_float(LCD_DATA4); 
....................    output_float(LCD_DATA5); 
....................    output_float(LCD_DATA6); 
....................    output_float(LCD_DATA7); 
....................   #else 
....................    lcdtris.data = 0xF; 
*
003F:  MOVLW  0F
0040:  BSF    03.5
0041:  ANDWF  08,W
0042:  IORLW  F0
0043:  MOVWF  08
....................   #endif 
....................  #endif 
....................          
....................    lcd_output_rw(1); 
0044:  BCF    03.5
0045:  BSF    08.2
....................    delay_cycles(1); 
0046:  NOP
....................    lcd_output_enable(1); 
0047:  BSF    08.0
....................    delay_cycles(1); 
0048:  NOP
....................    high = lcd_read_nibble(); 
0049:  CALL   033
004A:  MOVF   78,W
004B:  MOVWF  3D
....................        
....................    lcd_output_enable(0); 
004C:  BCF    08.0
....................    delay_cycles(1); 
004D:  NOP
....................    lcd_output_enable(1); 
004E:  BSF    08.0
....................    delay_us(1); 
004F:  GOTO   050
....................    low = lcd_read_nibble(); 
0050:  CALL   033
0051:  MOVF   78,W
0052:  MOVWF  3C
....................        
....................    lcd_output_enable(0); 
0053:  BCF    08.0
....................  
....................  #if defined(__PCB__) 
....................    set_tris_lcd(LCD_OUTPUT_MAP); 
....................  #else 
....................   #if (defined(LCD_DATA4) && defined(LCD_DATA5) && defined(LCD_DATA6) && defined(LCD_DATA7)) 
....................    output_drive(LCD_DATA4); 
....................    output_drive(LCD_DATA5); 
....................    output_drive(LCD_DATA6); 
....................    output_drive(LCD_DATA7); 
....................   #else 
....................    lcdtris.data = 0x0; 
0054:  MOVLW  0F
0055:  BSF    03.5
0056:  ANDWF  08,W
0057:  MOVWF  08
....................   #endif 
....................  #endif 
....................  
....................    return( (high<<4) | low); 
0058:  BCF    03.5
0059:  SWAPF  3D,W
005A:  MOVWF  77
005B:  MOVLW  F0
005C:  ANDWF  77,F
005D:  MOVF   77,W
005E:  IORWF  3C,W
005F:  MOVWF  78
.................... } 
....................  
.................... unsigned int8 lcd_read_nibble(void) 
.................... { 
....................   #if (defined(LCD_DATA4) && defined(LCD_DATA5) && defined(LCD_DATA6) && defined(LCD_DATA7)) 
....................    unsigned int8 n = 0x00; 
....................  
....................    /* Read the data port */ 
....................    n |= input(LCD_DATA4); 
....................    n |= input(LCD_DATA5) << 1; 
....................    n |= input(LCD_DATA6) << 2; 
....................    n |= input(LCD_DATA7) << 3; 
....................     
....................    return(n); 
....................   #else 
....................    return(lcd.data); 
*
0033:  MOVF   08,W
0034:  MOVWF  77
0035:  SWAPF  08,W
0036:  ANDLW  0F
0037:  MOVWF  78
....................   #endif 
0038:  RETURN
.................... } 
....................  
.................... void lcd_send_nibble(unsigned int8 n) 
.................... { 
....................   #if (defined(LCD_DATA4) && defined(LCD_DATA5) && defined(LCD_DATA6) && defined(LCD_DATA7)) 
....................    /* Write to the data port */ 
....................    output_bit(LCD_DATA4, bit_test(n, 0)); 
....................    output_bit(LCD_DATA5, bit_test(n, 1)); 
....................    output_bit(LCD_DATA6, bit_test(n, 2)); 
....................    output_bit(LCD_DATA7, bit_test(n, 3)); 
....................   #else       
....................    lcdlat.data = n; 
*
0026:  SWAPF  3D,W
0027:  ANDLW  F0
0028:  MOVWF  77
0029:  MOVLW  0F
002A:  ANDWF  08,W
002B:  IORWF  77,W
002C:  MOVWF  08
....................   #endif 
....................        
....................    delay_cycles(1); 
002D:  NOP
....................    lcd_output_enable(1); 
002E:  BSF    08.0
....................    delay_us(2); 
002F:  GOTO   030
0030:  GOTO   031
....................    lcd_output_enable(0); 
0031:  BCF    08.0
0032:  RETURN
.................... } 
....................  
.................... void lcd_send_byte(unsigned int8 address, unsigned int8 n) 
.................... { 
....................   #if defined(__PCB__) 
....................    set_tris_lcd(LCD_OUTPUT_MAP); 
....................   #else 
....................    lcd_enable_tris(); 
*
0039:  BSF    03.5
003A:  BCF    08.0
....................    lcd_rs_tris(); 
003B:  BCF    08.1
....................    lcd_rw_tris(); 
003C:  BCF    08.2
....................   #endif 
....................  
....................    lcd_output_rs(0); 
003D:  BCF    03.5
003E:  BCF    08.1
....................    while ( bit_test(lcd_read_byte(),7) ) ; 
*
0060:  MOVF   78,W
0061:  MOVWF  3C
0062:  BTFSC  3C.7
0063:  GOTO   03F
....................    lcd_output_rs(address); 
0064:  BTFSS  3A.0
0065:  BCF    08.1
0066:  BTFSC  3A.0
0067:  BSF    08.1
....................    delay_cycles(1); 
0068:  NOP
....................    lcd_output_rw(0); 
0069:  BCF    08.2
....................    delay_cycles(1); 
006A:  NOP
....................    lcd_output_enable(0); 
006B:  BCF    08.0
....................    lcd_send_nibble(n >> 4); 
006C:  SWAPF  3B,W
006D:  MOVWF  3C
006E:  MOVLW  0F
006F:  ANDWF  3C,F
0070:  MOVF   3C,W
0071:  MOVWF  3D
0072:  CALL   026
....................    lcd_send_nibble(n & 0xf); 
0073:  MOVF   3B,W
0074:  ANDLW  0F
0075:  MOVWF  3C
0076:  MOVWF  3D
0077:  CALL   026
0078:  RETURN
.................... } 
....................  
.................... #if defined(LCD_EXTENDED_NEWLINE) 
.................... unsigned int8 g_LcdX, g_LcdY; 
.................... #endif 
....................  
.................... void lcd_init(void)  
.................... { 
....................    unsigned int8 i; 
....................  
....................  #if defined(__PCB__) 
....................    set_tris_lcd(LCD_OUTPUT_MAP); 
....................  #else 
....................   #if (defined(LCD_DATA4) && defined(LCD_DATA5) && defined(LCD_DATA6) && defined(LCD_DATA7)) 
....................    output_drive(LCD_DATA4); 
....................    output_drive(LCD_DATA5); 
....................    output_drive(LCD_DATA6); 
....................    output_drive(LCD_DATA7); 
....................   #else 
....................    lcdtris.data = 0x0; 
0079:  MOVLW  0F
007A:  BSF    03.5
007B:  ANDWF  08,W
007C:  MOVWF  08
....................   #endif 
....................    lcd_enable_tris(); 
007D:  BCF    08.0
....................    lcd_rs_tris(); 
007E:  BCF    08.1
....................    lcd_rw_tris(); 
007F:  BCF    08.2
....................  #endif 
....................  
....................    lcd_output_rs(0); 
0080:  BCF    03.5
0081:  BCF    08.1
....................    lcd_output_rw(0); 
0082:  BCF    08.2
....................    lcd_output_enable(0); 
0083:  BCF    08.0
....................      
....................    delay_ms(15); 
0084:  MOVLW  0F
0085:  MOVWF  36
0086:  CALL   012
....................    for(i=1;i<=3;++i) 
0087:  MOVLW  01
0088:  MOVWF  28
0089:  MOVF   28,W
008A:  SUBLW  03
008B:  BTFSS  03.0
008C:  GOTO   095
....................    { 
....................        lcd_send_nibble(3); 
008D:  MOVLW  03
008E:  MOVWF  3D
008F:  CALL   026
....................        delay_ms(5); 
0090:  MOVLW  05
0091:  MOVWF  36
0092:  CALL   012
0093:  INCF   28,F
0094:  GOTO   089
....................    } 
....................     
....................    lcd_send_nibble(2); 
0095:  MOVLW  02
0096:  MOVWF  3D
0097:  CALL   026
....................    delay_ms(5); 
0098:  MOVLW  05
0099:  MOVWF  36
009A:  CALL   012
....................    for(i=0;i<=3;++i) 
009B:  CLRF   28
009C:  MOVF   28,W
009D:  SUBLW  03
009E:  BTFSS  03.0
009F:  GOTO   0A9
....................       lcd_send_byte(0,LCD_INIT_STRING[i]); 
00A0:  MOVF   28,W
00A1:  CALL   004
00A2:  MOVWF  29
00A3:  CLRF   3A
00A4:  MOVF   29,W
00A5:  MOVWF  3B
00A6:  CALL   039
....................  
....................   #if defined(LCD_EXTENDED_NEWLINE) 
00A7:  INCF   28,F
00A8:  GOTO   09C
00A9:  BCF    0A.3
00AA:  BCF    0A.4
00AB:  GOTO   4D7 (RETURN)
....................    g_LcdX = 0; 
....................    g_LcdY = 0; 
....................   #endif 
.................... } 
....................  
.................... void lcd_gotoxy(unsigned int8 x, unsigned int8 y) 
.................... { 
....................    unsigned int8 address; 
....................     
....................    if(y!=1) 
00AC:  DECFSZ 37,W
00AD:  GOTO   0AF
00AE:  GOTO   0B2
....................       address=LCD_LINE_TWO; 
00AF:  MOVLW  40
00B0:  MOVWF  38
00B1:  GOTO   0B3
....................    else 
....................       address=0; 
00B2:  CLRF   38
....................       
....................    address+=x-1; 
00B3:  MOVLW  01
00B4:  SUBWF  36,W
00B5:  ADDWF  38,F
....................    lcd_send_byte(0,0x80|address); 
00B6:  MOVF   38,W
00B7:  IORLW  80
00B8:  MOVWF  39
00B9:  CLRF   3A
00BA:  MOVF   39,W
00BB:  MOVWF  3B
00BC:  CALL   039
....................  
....................   #if defined(LCD_EXTENDED_NEWLINE) 
00BD:  RETURN
....................    g_LcdX = x - 1; 
....................    g_LcdY = y - 1; 
....................   #endif 
.................... } 
....................  
.................... void lcd_putc(char c) 
.................... { 
....................    switch (c) 
00BE:  MOVF   35,W
00BF:  XORLW  07
00C0:  BTFSC  03.2
00C1:  GOTO   0CC
00C2:  XORLW  0B
00C3:  BTFSC  03.2
00C4:  GOTO   0D1
00C5:  XORLW  06
00C6:  BTFSC  03.2
00C7:  GOTO   0D9
00C8:  XORLW  02
00C9:  BTFSC  03.2
00CA:  GOTO   0DF
00CB:  GOTO   0E4
....................    { 
....................       case '\a'   :  lcd_gotoxy(1,1);     break; 
00CC:  MOVLW  01
00CD:  MOVWF  36
00CE:  MOVWF  37
00CF:  CALL   0AC
00D0:  GOTO   0E9
....................  
....................       case '\f'   :  lcd_send_byte(0,1); 
00D1:  CLRF   3A
00D2:  MOVLW  01
00D3:  MOVWF  3B
00D4:  CALL   039
....................                      delay_ms(2); 
00D5:  MOVLW  02
00D6:  MOVWF  36
00D7:  CALL   012
....................                     #if defined(LCD_EXTENDED_NEWLINE) 
....................                      g_LcdX = 0; 
....................                      g_LcdY = 0; 
....................                     #endif 
....................                      break; 
00D8:  GOTO   0E9
....................  
....................      #if defined(LCD_EXTENDED_NEWLINE) 
....................       case '\r'   :  lcd_gotoxy(1, g_LcdY+1);   break; 
....................       case '\n'   : 
....................          while (g_LcdX++ < LCD_LINE_LENGTH) 
....................          { 
....................             lcd_send_byte(1, ' '); 
....................          } 
....................          lcd_gotoxy(1, g_LcdY+2); 
....................          break; 
....................      #else 
....................       case '\n'   : lcd_gotoxy(1,2);        break; 
00D9:  MOVLW  01
00DA:  MOVWF  36
00DB:  MOVLW  02
00DC:  MOVWF  37
00DD:  CALL   0AC
00DE:  GOTO   0E9
....................      #endif 
....................       
....................       case '\b'   : lcd_send_byte(0,0x10);  break; 
00DF:  CLRF   3A
00E0:  MOVLW  10
00E1:  MOVWF  3B
00E2:  CALL   039
00E3:  GOTO   0E9
....................       
....................      #if defined(LCD_EXTENDED_NEWLINE) 
....................       default     :  
....................          if (g_LcdX < LCD_LINE_LENGTH) 
....................          { 
....................             lcd_send_byte(1, c); 
....................             g_LcdX++; 
....................          } 
....................          break; 
....................      #else 
....................       default     : lcd_send_byte(1,c);     break; 
00E4:  MOVLW  01
00E5:  MOVWF  3A
00E6:  MOVF   35,W
00E7:  MOVWF  3B
00E8:  CALL   039
....................      #endif 
....................    } 
00E9:  RETURN
.................... } 
....................   
.................... char lcd_getc(unsigned int8 x, unsigned int8 y) 
.................... { 
....................    char value; 
....................  
....................    lcd_gotoxy(x,y); 
....................    while ( bit_test(lcd_read_byte(),7) ); // wait until busy flag is low 
....................    lcd_output_rs(1); 
....................    value = lcd_read_byte(); 
....................    lcd_output_rs(0); 
....................     
....................    return(value); 
.................... } 
....................  
.................... // write a custom character to the ram 
.................... // which is 0-7 and specifies which character array we are modifying. 
.................... // ptr points to an array of 8 bytes, where each byte is the next row of 
.................... //    pixels.  only bits 0-4 are used.  the last row is the cursor row, and 
.................... //    usually you will want to leave this byte 0x00. 
.................... void lcd_set_cgram_char(unsigned int8 which, unsigned int8 *ptr) 
.................... { 
....................    unsigned int i; 
....................  
....................    which <<= 3; 
....................    which &= 0x38; 
....................  
....................    lcd_send_byte(0, 0x40 | which);  //set cgram address 
....................  
....................    for(i=0; i<8; i++) 
....................    { 
....................       lcd_send_byte(1, *ptr++); 
....................    } 
....................    
....................    #if defined(LCD_EXTENDED_NEWLINE) 
....................     lcd_gotoxy(g_LcdX+1, g_LcdY+1);  //set ddram address 
....................    #endif 
.................... } 
....................  
.................... void lcd_cursor_on(int1 on) 
.................... { 
....................    if (on) 
....................    { 
....................       lcd_send_byte(0,0x0F);           //turn LCD cursor ON 
....................    } 
....................    else 
....................    { 
....................       lcd_send_byte(0,0x0C);           //turn LCD cursor OFF 
....................    } 
.................... } 
....................  
.................... #endif 
....................  
....................  
.................... //declaracion de las varibales  del programa 
.................... float Temperatura, Res=0.00488;//Res es el valor de la resolucion con 10 bits 
.................... void main(){ 
*
0493:  MOVF   03,W
0494:  ANDLW  1F
0495:  MOVWF  03
0496:  MOVLW  71
0497:  BSF    03.5
0498:  MOVWF  0F
0499:  MOVF   0F,W
049A:  BSF    03.6
049B:  BSF    07.3
049C:  MOVLW  40
049D:  BCF    03.6
049E:  MOVWF  19
049F:  MOVLW  03
04A0:  MOVWF  1A
04A1:  MOVLW  A6
04A2:  MOVWF  18
04A3:  MOVLW  90
04A4:  BCF    03.5
04A5:  MOVWF  18
04A6:  MOVLW  68
04A7:  MOVWF  27
04A8:  MOVLW  E8
04A9:  MOVWF  26
04AA:  MOVLW  1F
04AB:  MOVWF  25
04AC:  MOVLW  77
04AD:  MOVWF  24
04AE:  BSF    03.5
04AF:  BSF    03.6
04B0:  MOVF   09,W
04B1:  ANDLW  C0
04B2:  MOVWF  09
04B3:  BCF    03.6
04B4:  BCF    1F.4
04B5:  BCF    1F.5
04B6:  MOVLW  00
04B7:  BSF    03.6
04B8:  MOVWF  08
04B9:  BCF    03.5
04BA:  CLRF   07
04BB:  CLRF   08
04BC:  CLRF   09
04BD:  BCF    03.7
....................    set_tris_d(0); 
04BE:  MOVLW  00
04BF:  BSF    03.5
04C0:  BCF    03.6
04C1:  MOVWF  08
....................     
....................    //Se configura eñ reloj del conversor  
....................    setup_adc(adc_clock_div_8);//Configuracion del reloj del conversor  
04C2:  BCF    03.5
04C3:  BSF    1F.6
04C4:  BCF    1F.7
04C5:  BSF    03.5
04C6:  BSF    1F.7
04C7:  BCF    03.5
04C8:  BSF    1F.0
....................     
....................    setup_adc_ports(san0);//habilita los puertos an0 
04C9:  BSF    03.5
04CA:  BSF    03.6
04CB:  MOVF   09,W
04CC:  ANDLW  C0
04CD:  MOVWF  09
04CE:  BCF    03.6
04CF:  BCF    1F.4
04D0:  BCF    1F.5
04D1:  MOVLW  01
04D2:  BSF    03.6
04D3:  MOVWF  08
....................     
....................    lcd_init();//Inicialización de la LCD 
04D4:  BCF    03.5
04D5:  BCF    03.6
04D6:  GOTO   079
....................     
....................    lcd_gotoxy(1,1); 
04D7:  MOVLW  01
04D8:  MOVWF  36
04D9:  MOVWF  37
04DA:  CALL   0AC
....................    printf(lcd_putc,"Temperatura"); 
04DB:  MOVLW  0C
04DC:  BSF    03.6
04DD:  MOVWF  0D
04DE:  MOVLW  00
04DF:  MOVWF  0F
04E0:  BCF    03.6
04E1:  GOTO   0EA
....................     
....................    set_adc_channel(0);//Se establece el canal 0 para el ADC usando el PIN A0  
04E2:  MOVLW  00
04E3:  MOVWF  78
04E4:  MOVF   1F,W
04E5:  ANDLW  C3
04E6:  IORWF  78,W
04E7:  MOVWF  1F
....................     
....................    while(true){ 
....................       //Se realiza la lectura de los canales analogos 
....................       Temperatura = ((read_adc())*(Res)/(0.01));//Formula T=ADC*RES/LM35VP 
04E8:  BSF    1F.1
04E9:  BTFSC  1F.1
04EA:  GOTO   4E9
04EB:  MOVF   1E,W
04EC:  MOVWF  7A
04ED:  BSF    03.5
04EE:  MOVF   1E,W
04EF:  BCF    03.5
04F0:  MOVWF  28
04F1:  MOVF   1E,W
04F2:  MOVWF  29
04F3:  MOVWF  2B
04F4:  MOVF   28,W
04F5:  MOVWF  2A
04F6:  GOTO   137
04F7:  MOVF   7A,W
04F8:  MOVWF  38
04F9:  MOVF   79,W
04FA:  MOVWF  37
04FB:  MOVF   78,W
04FC:  MOVWF  36
04FD:  MOVF   77,W
04FE:  MOVWF  35
04FF:  MOVF   27,W
0500:  MOVWF  3C
0501:  MOVF   26,W
0502:  MOVWF  3B
0503:  MOVF   25,W
0504:  MOVWF  3A
0505:  MOVF   24,W
0506:  MOVWF  39
0507:  CALL   156
0508:  MOVF   7A,W
0509:  MOVWF  2B
050A:  MOVF   79,W
050B:  MOVWF  2A
050C:  MOVF   78,W
050D:  MOVWF  29
050E:  MOVF   77,W
050F:  MOVWF  28
0510:  MOVF   7A,W
0511:  MOVWF  2F
0512:  MOVF   79,W
0513:  MOVWF  2E
0514:  MOVF   78,W
0515:  MOVWF  2D
0516:  MOVF   77,W
0517:  MOVWF  2C
0518:  MOVLW  0A
0519:  MOVWF  33
051A:  MOVLW  D7
051B:  MOVWF  32
051C:  MOVLW  23
051D:  MOVWF  31
051E:  MOVLW  78
051F:  MOVWF  30
0520:  GOTO   1CB
0521:  MOVF   7A,W
0522:  MOVWF  23
0523:  MOVF   79,W
0524:  MOVWF  22
0525:  MOVF   78,W
0526:  MOVWF  21
0527:  MOVF   77,W
0528:  MOVWF  20
....................       delay_us(50);//Delay de lectura 
0529:  MOVLW  20
052A:  MOVWF  77
052B:  DECFSZ 77,F
052C:  GOTO   52B
052D:  GOTO   52E
052E:  NOP
....................       lcd_gotoxy(2,2); 
052F:  MOVLW  02
0530:  MOVWF  36
0531:  MOVWF  37
0532:  CALL   0AC
....................       printf(lcd_putc,"%f",Temperatura); 
0533:  MOVLW  89
0534:  MOVWF  04
0535:  MOVF   23,W
0536:  MOVWF  2B
0537:  MOVF   22,W
0538:  MOVWF  2A
0539:  MOVF   21,W
053A:  MOVWF  29
053B:  MOVF   20,W
053C:  MOVWF  28
053D:  MOVLW  02
053E:  MOVWF  2C
053F:  GOTO   305
....................       printf("%f \r",Temperatura); 
0540:  MOVLW  89
0541:  MOVWF  04
0542:  MOVF   23,W
0543:  MOVWF  2B
0544:  MOVF   22,W
0545:  MOVWF  2A
0546:  MOVF   21,W
0547:  MOVWF  29
0548:  MOVF   20,W
0549:  MOVWF  28
054A:  MOVLW  02
054B:  MOVWF  2C
054C:  GOTO   3CA
054D:  MOVLW  20
054E:  BTFSS  0C.4
054F:  GOTO   54E
0550:  MOVWF  19
0551:  MOVLW  0D
0552:  BTFSS  0C.4
0553:  GOTO   552
0554:  MOVWF  19
0555:  GOTO   4E8
....................    } 
.................... } 
0556:  SLEEP

Configuration Fuses:
   Word  1: 2CF1   XT NOWDT NOPUT MCLR NOPROTECT NOCPD NOBROWNOUT IESO FCMEN NOLVP NODEBUG
   Word  2: 3FFF   BORV40 NOWRT
