
ROM used:   1346/8192 (16%)
            1346/8192 (16%) including unused fragments

            1.0 Average locations per line
            9.8 Average locations per statement

RAM used:   21/368 (6%) at main() level
            43/368 (12%) worst case

Stack used: 5 worst case (5 in main + 0 for interrupts)
Stack size: 8

Lines Stmts  %   Files
----- ----- ---  -----
   31    11   8  Parcial 2 Micros.c
  758     0   0  ..\..\..\..\..\Program Files (x86)\PICC\Devices\16f887.h
  456    84  61  ..\..\..\..\..\Program Files (x86)\PICC\Drivers\lcd.c
  150    43  31  ..\..\..\..\..\Program Files (x86)\PICC\Drivers\KBD4x4_1.c
----- -----
 1395   138 Total

Page ROM  %  RAM   Vol Diff  Functions:
---- --- --- ---   --- ----  ----------
0     20   1    1             @delay_ms1
0      8   1    0             @const631
 Inline         3   596  5.9  lcd_read_byte
0      6   0    0    59  4.2  lcd_read_nibble
0     13   1    1   179  3.3  lcd_send_nibble
0     64   5    3   460  4.7  lcd_send_byte
0     51   4    2   667  5.9  lcd_init
0     18   1    4   208  6.3  lcd_gotoxy
0     44   3    1   354  4.7  lcd_putc
0    175  13    4   325  3.5  MAIN
0      6   0    0             @const680
0     77   6    4             @PSTRINGC7_649
0     31   2    2             @ITOF
0    117   9   13             @MULFF
0    204  15   14             @DIVFF
0     31   2    5             @FTOSD
0     79   6   13             @DIV3232
0    197  15   13             @PRINTF_L32D_649FPFPF
0    201  15   13             @PRINTF_L32D_2400_62_63FPFPF
 Inline         0             @cinit1

Program metrics:
    Functions               8
    Statements              138
    Comments                259
    Volume (V)              4374
    Difficulty (D)          35.9
    Effort to implement (E) 156828
    Time to implement (T)   2 hours, 25 minutes
    Est Delivered Bugs (B)  1
    Cyclomatic Complexity   8
    Maintainability (MI)    120

 Segment     Used  Free
-----------  ----  ----
00000-00003     4  0  
00004-007FF  1342  702  
00800-00FFF     0  2048  
01000-017FF     0  2048  
01800-01FFF     0  2048  



